<?xml version="1.0" encoding="UTF-8"?>
<!-- Generated by org.testng.reporters.JUnitReportReporter -->
<testsuite skipped="0" hostname="pjayasek" name="SDET_Maven.Activity2_1" tests="1" failures="0" timestamp="2020-08-03T09:47:49 IST" time="5.988" errors="0">
  <testcase name="testSearchAppium" time="5.988" classname="SDET_Maven.Activity2_1"/>
</testsuite> <!-- SDET_Maven.Activity2_1 -->
