<?xml version="1.0" encoding="UTF-8"?>
<!-- Generated by org.testng.reporters.JUnitReportReporter -->
<testsuite skipped="0" hostname="pjayasek" name="SDET_Maven.calculator" tests="1" failures="0" timestamp="2020-08-03T09:59:32 IST" time="21.819" errors="0">
  <testcase name="calc" time="21.819" classname="SDET_Maven.calculator"/>
</testsuite> <!-- SDET_Maven.calculator -->
