<?xml version="1.0" encoding="UTF-8"?>
<!-- Generated by org.testng.reporters.JUnitReportReporter -->
<testsuite skipped="0" hostname="pjayasek" name="SDET_Maven.Googletasks" tests="1" failures="0" timestamp="2020-08-03T23:56:39 IST" time="17.595" errors="0">
  <testcase name="addingactivity" time="17.595" classname="SDET_Maven.Googletasks"/>
</testsuite> <!-- SDET_Maven.Googletasks -->
