<?xml version="1.0" encoding="UTF-8"?>
<!-- Generated by org.testng.reporters.JUnitReportReporter -->
<testsuite skipped="0" hostname="pjayasek" name="SDET_Maven.Activity2_2" tests="4" failures="0" timestamp="2020-08-03T09:58:54 IST" time="16.541" errors="0">
  <testcase name="add" time="4.115" classname="SDET_Maven.Activity2_2"/>
  <testcase name="divide" time="3.920" classname="SDET_Maven.Activity2_2"/>
  <testcase name="subtract" time="3.773" classname="SDET_Maven.Activity2_2"/>
  <testcase name="multiply" time="4.733" classname="SDET_Maven.Activity2_2"/>
</testsuite> <!-- SDET_Maven.Activity2_2 -->
