<?xml version="1.0" encoding="UTF-8"?>
<!-- Generated by org.testng.reporters.JUnitReportReporter -->
<testsuite skipped="0" hostname="pjayasek" name="SDET_Maven.GooglekeepRemainder" tests="1" failures="0" timestamp="2020-08-07T13:35:53 IST" time="18.188" errors="0">
  <testcase name="AddRemainder" time="18.188" classname="SDET_Maven.GooglekeepRemainder"/>
</testsuite> <!-- SDET_Maven.GooglekeepRemainder -->
