<?xml version="1.0" encoding="UTF-8"?>
<!-- Generated by org.testng.reporters.JUnitReportReporter -->
<testsuite skipped="0" hostname="pjayasek" name="SDET_Maven.GoogleChromePopups" tests="1" failures="0" timestamp="2020-08-07T14:43:17 IST" time="19.610" errors="0">
  <testcase name="ChromePopups" time="19.610" classname="SDET_Maven.GoogleChromePopups"/>
</testsuite> <!-- SDET_Maven.GoogleChromePopups -->
