<?xml version="1.0" encoding="UTF-8"?>
<!-- Generated by org.testng.reporters.JUnitReportReporter -->
<testsuite skipped="0" hostname="pjayasek" name="SDET_Maven.ScreenshotExample" tests="1" failures="0" timestamp="2020-07-29T23:32:08 IST" time="0.543" errors="0">
  <testcase name="mainTest" time="0.543" classname="SDET_Maven.ScreenshotExample"/>
</testsuite> <!-- SDET_Maven.ScreenshotExample -->
