<?xml version="1.0" encoding="UTF-8"?>
<!-- Generated by org.testng.reporters.JUnitReportReporter -->
<testsuite skipped="0" hostname="pjayasek" name="SDET_Maven.GoogleChromeToDoList" tests="1" failures="0" timestamp="2020-08-08T13:56:51 IST" time="23.357" errors="0">
  <testcase name="GoogleToDo" time="23.357" classname="SDET_Maven.GoogleChromeToDoList"/>
</testsuite> <!-- SDET_Maven.GoogleChromeToDoList -->
