<?xml version="1.0" encoding="UTF-8"?>
<!-- Generated by org.testng.reporters.JUnitReportReporter -->
<testsuite skipped="0" hostname="pjayasek" name="SDET_Maven.GoogleChromeLogin" tests="1" failures="0" timestamp="2020-08-06T23:39:22 IST" time="29.242" errors="0">
  <testcase name="ChromeLogin" time="29.242" classname="SDET_Maven.GoogleChromeLogin"/>
</testsuite> <!-- SDET_Maven.GoogleChromeLogin -->
