<?xml version="1.0" encoding="UTF-8"?>
<!-- Generated by org.testng.reporters.JUnitReportReporter -->
<testsuite skipped="0" hostname="pjayasek" name="SDET_Maven.Googlekeep" tests="1" failures="0" timestamp="2020-08-05T23:27:01 IST" time="13.942" errors="0">
  <testcase name="AddNote" time="13.942" classname="SDET_Maven.Googlekeep"/>
</testsuite> <!-- SDET_Maven.Googlekeep -->
